1 3 5 7 9 11 13 24 62 57 58 107 25 27 29 31 33 35 37 90
41 43 45 47 49 51 14 52 94 26 39 61 56 67 69 71 73 75 77 79
81 83 85 87 89 145 93 63 60 80 137 134 101 98 109 111 113 115 117 106
121 123 125 127 129 131 133 135 138 99 160 100 95 147 149 151 153 155 157 159
161 163 165 167 169 171 173 175 177 179 181 183 185 187 189 191 193 195 197 199
201 203 205 207 209 211 213 215 217 219 221 223 225 227 229 231 233 235 237 239
241 243 245 247 249 251 253 255 257 259 261 263 265 267 269 271 273 275 277 279
281 283 285 287 289 291 293 295 297 299 301 303 305 307 309 311 313 315 317 319
321 323 325 327 329 331 333 335 337 339 341 343 345 347 349 351 353 355 357 359
361 363 365 367 369 371 373 375 377 379 381 383 385 387 389 391 393 395 397 399
400 398 396 394 392 390 388 386 384 382 380 378 376 374 372 370 368 366 364 362
360 358 356 354 352 350 348 346 344 342 340 338 336 334 332 330 328 326 324 322
320 318 316 314 312 310 308 306 304 302 300 298 296 294 292 290 288 286 284 282
280 278 276 274 272 270 268 266 264 262 260 258 256 254 252 250 248 246 244 242
240 238 236 234 232 230 228 226 224 222 220 218 216 214 212 210 208 206 204 202
200 198 196 194 192 190 188 186 184 182 180 178 176 174 172 170 168 166 164 162
91 158 156 154 152 150 148 23 65 142 140 64 120 55 132 130 128 126 124 122
136 118 116 114 112 110 108 119 104 102 103 139 96 144 15 40 88 86 84 82
97 78 76 74 72 70 68 66 16 141 105 21 143 19 54 50 48 46 44 42
59 38 36 34 32 30 28 146 92 22 20 18 17 53 12 10 8 6 4 2
