3456
88093
6372
73444
3954
85907
6049
8339
9258
86959
6857
24353
72682
3877
70221
9624
95611
7255
75595
80043
6932
4511
1501
1355
4286
71716
7988
93114
2337
2939
52395
2036
3216
24216
3905
70199
2501
99561
51684
5272
25137
36409
94006
7049
78716
60417
6467
7429
88585
3867
4064
6532
4331
9543
1152
25044
3013
9462
47291
7342
22912
30164
7776
8925
51828
9281
1791
6488
89656
3303
16761
65115
60447
1743
8787
76461
3743
2387
8325
43679
84098
3606
86733
9681
60093
67789
5828
36534
40974
5365
6319
11437
4984
4189
84457
5298
2025
2793
17154
60251
