Case #1:
WAKE-UP
Case #2:
EMERGENCY
Case #3:
NOTHING
Case #4:
EMERGENCY
Case #5:
NOTHING
Case #6:
EMERGENCY
Case #7:
NOTHING
Case #8:
NOTHING
Case #9:
NOTHING
Case #10:
NOTHING
Case #11:
EMERGENCY
Case #12:
EMERGENCY
Case #13:
WAKE-UP
Case #14:
NOTHING
Case #15:
EMERGENCY
Case #16:
EMERGENCY
Case #17:
EMERGENCY
Case #18:
NIGHTMARE
Case #19:
NIGHTMARE
Case #20:
NOTHING
Case #21:
EMERGENCY
Case #22:
WAKE-UP
Case #23:
EMERGENCY
Case #24:
NOTHING
Case #25:
NOTHING
Case #26:
EMERGENCY
Case #27:
NOTHING
Case #28:
NOTHING
Case #29:
EMERGENCY
Case #30:
EMERGENCY
Case #31:
EMERGENCY
Case #32:
EMERGENCY
Case #33:
WAKE-UP
Case #34:
EMERGENCY
Case #35:
EMERGENCY
Case #36:
NIGHTMARE
Case #37:
NOTHING
Case #38:
NOTHING
Case #39:
NOTHING
Case #40:
NIGHTMARE
Case #41:
NOTHING
Case #42:
EMERGENCY
Case #43:
EMERGENCY
Case #44:
NIGHTMARE
Case #45:
NOTHING
Case #46:
EMERGENCY
Case #47:
EMERGENCY
Case #48:
WAKE-UP
Case #49:
NOTHING
Case #50:
NOTHING
Case #51:
NOTHING
Case #52:
EMERGENCY
Case #53:
NOTHING
Case #54:
EMERGENCY
Case #55:
NIGHTMARE
Case #56:
NOTHING
Case #57:
EMERGENCY
Case #58:
NIGHTMARE
Case #59:
NOTHING
Case #60:
NOTHING
Case #61:
WAKE-UP
Case #62:
WAKE-UP
Case #63:
EMERGENCY
Case #64:
NOTHING
Case #65:
NIGHTMARE
Case #66:
EMERGENCY
Case #67:
NOTHING
Case #68:
NOTHING
Case #69:
NIGHTMARE
Case #70:
NOTHING
Case #71:
EMERGENCY
Case #72:
EMERGENCY
Case #73:
NOTHING
Case #74:
EMERGENCY
Case #75:
NOTHING
Case #76:
NOTHING
Case #77:
NOTHING
Case #78:
EMERGENCY
Case #79:
EMERGENCY
Case #80:
NOTHING
Case #81:
EMERGENCY
Case #82:
NOTHING
Case #83:
NOTHING
Case #84:
NOTHING
Case #85:
EMERGENCY
Case #86:
NOTHING
Case #87:
NOTHING
Case #88:
EMERGENCY
Case #89:
NIGHTMARE
Case #90:
NIGHTMARE
Case #91:
EMERGENCY
Case #92:
NOTHING
Case #93:
EMERGENCY
Case #94:
EMERGENCY
Case #95:
NOTHING
Case #96:
NOTHING
Case #97:
EMERGENCY
Case #98:
NOTHING
Case #99:
EMERGENCY
Case #100:
NIGHTMARE
