Case #1:
124430292 589128207
Case #2:
923734684567628 242220578
Case #3:
979704039880 987722678
Case #4:
2093038 657850176
Case #5:
2460 747046415
Case #6:
3103876276832804 782255998
Case #7:
358853083220 211338035
Case #8:
14632682000 230386538
Case #9:
809094986829086996 324498844
Case #10:
628 73741817
Case #11:
1000004000000 617521033
Case #12:
357783301995 416338458
Case #13:
273476000 346493665
Case #14:
5894600819886468 791899827
Case #15:
1000995667668999 99283471
Case #16:
650 511620083
Case #17:
51084996964605506 823359537
Case #18:
397117785100400 924765562
Case #19:
1417274379904660560 632385525
Case #20:
29466508494500 43742853
Case #21:
2097132 631400690
Case #22:
225961818148 597011082
Case #23:
10458042252 321395492
Case #24:
123430369689294475 908574842
Case #25:
1508602379064 39453959
Case #26:
770695065295652 725121750
Case #27:
169023534712085906 268336744
Case #28:
12519748688 280227918
Case #29:
69070646876 224745106
Case #30:
2666668666667000000 88326061
Case #31:
18698274200 553113312
Case #32:
501723969802443144 193304896
Case #33:
888011040029000000 995499456
Case #34:
3613540 954913263
Case #35:
1132 46480318
Case #36:
619999454854682721 367253368
Case #37:
96 128
Case #38:
3242406735065102 962375371
Case #39:
36857812929455 541197845
Case #40:
2727947474 536705065
Case #41:
206223043250 68739608
Case #42:
165402680393697400 920982895
Case #43:
236647794408442800 580121213
Case #44:
198831710905 970763304
Case #45:
1067231212 644394050
Case #46:
743445969651054008 440959216
Case #47:
115538869174700592 528076707
Case #48:
119669646678299998 601121168
Case #49:
270535144892628128 247387704
Case #50:
1000004000000 617521033
Case #51:
893192313578115452 56094691
Case #52:
253188 393071428
Case #53:
297751197197321415 408594100
Case #54:
137008946899 486162110
Case #55:
21 4
Case #56:
1163701719620856 265735638
Case #57:
960497991564 229049221
Case #58:
2585218897609117 132131423
Case #59:
73733214919 664171572
Case #60:
40880385213500 436495827
Case #61:
125977456 811283651
Case #62:
273716596639826276 267762079
Case #63:
2202718212992 149092873
Case #64:
39242525792 620118839
Case #65:
3425 951047217
Case #66:
1689596203447 631166260
Case #67:
23055559377366185 381079848
Case #68:
309686642752740636 79514461
Case #69:
98792714184 597305895
Case #70:
1667031517071986 401778338
Case #71:
872012096393997980 584485313
Case #72:
27182951892 110336897
Case #73:
293735883083835720 938902622
Case #74:
30408662620384256 531587418
Case #75:
10464796121783640 673129439
Case #76:
2710524852145173 195311568
Case #77:
702 294967268
Case #78:
165170292 218317900
Case #79:
318469034712 688144882
Case #80:
490668746647199944 856382656
Case #81:
123210762 313336801
Case #82:
107985526136 639486816
Case #83:
21 4
Case #84:
72176273854132276 669074668
Case #85:
676794180188 872101122
Case #86:
433590642456 945217334
Case #87:
337667586200 719692090
Case #88:
18881233277 69005431
Case #89:
208216797558245476 776941979
Case #90:
238377949610 388582067
Case #91:
5 1
Case #92:
200039982 38401805
Case #93:
1483276369040 805626086
Case #94:
3258042963436 731865020
Case #95:
118369455294392 820490601
Case #96:
136587137069740980 974707721
Case #97:
68903823573231292 101454289
Case #98:
385666759850645 259971376
Case #99:
91819907184 748983918
Case #100:
2718 317504065
