zirconium..machamp.b........n..growlithe.s..hitmonlee.........................v.b......aluminum.......holmium......w.rhodium.
i.o.............o..i..neptunium.o........q..........x.s.a..w.m....jefferson.graveler........i........r...a...zinc..o....i.l..
r.o.........p.vileplume.o...d..poliwhirl.u..wartortle.electabuzz.....o..a.....n.n..aqua.....d..actinium..r.k....l.poliwag.y..
c.s.t.....b.a...t..l..polk.john.s.....o.bill........g.a.r..s.k..v..zirconium..a.j..p...m..c.o...l....b..bohrium.i..d..i.l.s.c
o.exeggcute.red.r.....t.k.h.r..jefferson.r..lickitung.b.o..h....a....d..d.....d.a..i.graveler..benjamin..w.y....n..r.blue.s.h
n.v.l..l..r.a..neodymium..i.i...v...o.s..t..........u.o.d.jigglypuff....strontium..d...g..e.i.h.f....d...a.p..metapod.l.t.e.e
i.e.l..e..k.s...s.r...n.v.tin...e.roosevelt...herbert.r.a..n..a.o.....s.l.....u.i..a.n.n..f.n.y.a..p.i.muk.t.h..o..w..i.t.s.s
u.l.u..v..e.e.n...americium.o...l.u.s.v..e...d..o...o.g.c..g..w.r...p.a.a.r...m.n..s.o.e..a.a.d.b..a.u....porygon...r.a.....t
m.t.r.yes.lickitung...u.l.o..s..t.t.e.e...c.dragonair.i.tentacruel.magnesium.......h.b.t..b...r.l.primeape.n.d...abra.machoke
....i..l..i.t.d...o...m.e.n..t.y..h.v.l...l..a..s.....u.y..o..e.o...l.d.h.t...p......e.o.slowpoke..a....r....r....i.t....a..r
...bulbasaur..o.p.n..m..poliwrath.electrode..g..e.charmeleon..ninetales...h...o.franklin..e...g....scandium.moltres.t....f...
p...m..n..m...q.onix.e..l.e..o.t..n.l.....v..o..v........i....c...a.a.l.exeggutor....i...b..theodore....m....g....m.a.n..n...
o.d..doduo....u.t.t..r..u.e..n.e..i.tungsten.ninetales.dysprosium.f.d.a.k.n...a.a..aluminum...n....c....e..c.e.s.dugtrio.i..w
l.r...........e.americium..ytterbium..i...l..a..l........e..n.u.e.t.i.s.a.i.arsenic..m...c.p....taft..franklin.l..t.a.o..u..e
i.a.krypton.m.e.s....u..e.j..i.b..m.l.x..washington..meitnerium.w..ruthenium..s.k.......shellder....a.i.p..i...o..h...bromine
w.g....o...magnesium.r...neptunium.nixon..n..r.a...l.o...h..x...t...m...s.m..fillmore..v.a.a.....s..r.l.e.andrew...k..i.....z
roosevelt...g...i....y....f..m.u.a..m.n...d....d..bellsprout.n..w.c....m......u.i......e.n.t.....c..t.l....t...b..mercury...i
a.n....i....n.blue.c..c...f...omanyte..e.......o...a.y...w.e.i..o.h...neodymium.n.b..benjamin..thallium...voltorb..n..m..john
t.a.growlithe...m..h..l.p.e......g....victreebel.kadabra.e.c.d....a..r.i..........e..u.o.n.n...i.n..c.o....n...o...n...d....g
h.i..o.h....m......a.tellurium.teal.r..s..u..u.i.....d...r.h.o..aerodactyl.chlorine..c.m...u.n.t.d..u.r.n....g..j.fermium....
.dragonite..i.abra.r..v.u.s......n..o.meowth.tentacruel....n.q.t..m..d.n..........d.chromium.o.a.iron.e.i..woodrow.d...b..c..
.....s.r.l..t..e..pidgeotto..jefferson.n..h..t.i.....n.k...e.u.eisenhower......m..r..a.t.....b.n.u..o...tin..l..h..y.venonat.
george.l.eevee.r.j.z..l.o.n..o...s..s..h..e..e.u..p..u.a...t.e.c..l..n.r.p.t..harrison.h..selenium....c.r....d..n......i..l.j
...o.v...c.....k.e.a..a.n..john..eisenhower.promethium.b..eisenhower...i.a.e.b.g..l..a..b....l.u..gyarados.t.e.psyduck.u..c.a
.roosevelt....jefferson.i....n.b....v..w..f..f....o....u...u.n.n..o..e.u.l.n.lincoln.n..europium......t.g..h.e..o.i..o.m..i.m
...s.l...r.....l.f.d..d.u...b.gloom.eisenhower.roosevelt.c.m..meitnerium.l.t.a.e........e....u..h..f..e.e.johnson.g..f....u.e
..tentacool.iodine......m...e..a....l..r..r..e....p....o.h.....t.e...s...adams.s........d.t..m..a.nidorino.r......l..f..james
...v...h.d.n...u.reagan.....roosevelt.....d..eisenhower.paras..i.cleveland.c.t.i.b.c.m..r.h...ford.l..p....i.....terbium...k.
james..americium.s....i...muk..t.......y..........o......r.r.w.u.h...n...i.o.o.u.u.arcanine...r.r..l.pikachu..w...t..n.....a.
...l...r...d.....o.v..n..w..e..o...silver.bulbasaur...promethium.n.h.h.plutonium.c.t.k..l.o.platinum..e....m.bismuth.g...p.n.
.g.t..pidgeotto..n.i..e.gadolinium..r..l......d...u.v..u.a.h.g..metapod..m.l.s...h.e.i..l.d...n.s..o.a........l..r.....c.e.s.
.e.....z...q.......l..t..s..i..s.arbok.l.w....a.washington.u.g...t.s.w..e...venusaur.n.t..o...k.o.franklin..william.richard..
.rattata.r.u.......e.lanthanum.e.n..n.potassium.....c..h.d.r.l..einsteinium......n.p.l.a.franklin..e.t.....f..i..n.....e.s...
.m.....roosevelt...p..l..i..m....g.....w.r....s..victreebel..y.v.u.i.r..n.e...astatine.n..e.i.i..x...i...marowak.i...hassium.
james..d.o.e......cleveland...spearow.m..t..b..p....r..r.r...t.a.m.u....s.n......n.e.y.t.t..d.nobelium.b.a.a..m..u..s..t.a.i.
.n..t....sandslash.u..s..g...h...n..e.o..o..u.graveler.f...w.u.p...m..p.t.d..a..b......a.u..o....n...o.u.g.n.....m..i..e.n.l.
nidorina.e......a..m...ytterbium.e.bellsprout..o....e..o...e.f.o......r.exeggcute.franklin..kabutops.n.c.i.k...d..voltorb..l.
.u..o....v.manganese.....o...t...s..p.y..t..t..m..j.b..rutherford.p.p.a.i.l..t..r......u.g..i....n...y.h.k.l.o.r....i......a.
.magnemite...i..d...lawrencium..weepinbell..eisenhower.d...p...e..r.r.s.n.e..i..y..h.f.m.s..n..v...f..vanadium.o....c.kadabra
....t.a..l.p.t..s.m.a.a......o....e.n.d..e..r..t..h.l.....pidgeotto.a.e.i.v..n.clefairy..tungsten..r.t.n.r.n.a.woodrow.....d.
...pidgeotto.r..h.e.washington.p..v.b.e.....f..h..n..j.f...n...n..t.s.o.u.i..i..l..r.a.c.e.....n..magikarp...s.z.m..n..ford.z
p.j.u.n....l.o..r.o.r.h...o..charmeleon.dysprosium...electabuzz.praseodymium.u..i.franklin..kakuna.n.t.n.....t.e.a.c......u.i
starmie.j..i.g..e.weepinbell.h.l..e.l.u.....e..u...r.f.a...e....r.c.o.y...m..m..u..y.k.o.....l.s...k.a.....flareon.l..porygon
y.c...m.e..w.e..w.t.n.n...d..a.l....l.molybdenum...o.f.r.bellsprout.d.m.c...r.jimmy..l.y.buchanan.clinton....r...y.i.i..a.t.c
d.k...i.f..h.n....h.c.g....tentacool.........i.....o.e.o.u.l....t.i.y.i.l...a.e....c.i.s.....k.u...i.i.....d..martin.voltorb.
u.s...t.f..i..bush.ditto.......d.....b.n..jynx.sandshrew.s......a.n.m.u.e...t.franklin.t.b..harrison.u.thulium...e.t.y..t.i..
c.o...electrode...w.u.o..w.....i.beryllium...o.....e.s...h.protactinium.v...i.f....e...e.e...z...e...m.h...g.a..s..o.spearow.
k.neon..r..l..r..hitmonchan....u.r...a.x.....n...j.v.o..........t.u.u...e...c.e....fluorine.garfield...e...l.clinton.a..t...j
........s...hayes.g....h.r.s...m.a...c.o.w..p..olive.n..californium.m.bulbasaur....a.....j...m...l...geodude.h..o....u..a...i
...blastoise..l...g...lanthanum..t...kangaskhan..g.l....a.......n.......a...t.s.r..b.....a..v.m........d...teal.richard...p.m
....a...n..x.cleveland.r.o.n.....i.r.....s..o....g.t.tellurium..i.p.....n.r.e.o.o.alakazam.raichu.theodore.t.m..l......sodium
....n......e..i...y..r.i.r.dysprosium.w.chansey..l..c...i....a.rutherfordium..neon.e.....i..p.k.....u..r.....pikachu.j.e..k.y
.plutonium.g..u...t..a.z.t.s..i..l.t..i..i..p..m.y..h.e.f..j.g..m.o.......t.....s....c...nidoking.parasect..c...x.a..omastar.
.o..h......germanium.g.a.l.h..d.washington..h..e.p.californium....silicon.h.c.c.e...john....r.n.a.o.o...l...a.....u..h.k..c.j
.l..a.j....c.o....f.monroe.r..g..v.e..g..gadolinium.r.n.r..g.a....p...h.i.e.l.l.v..t.o..e..seel.r.l.p..kennedy.johnson.i..h.o
nixon.exeggutor...f..n.d...e.tentacruel..t..r..d.f..m.s.n..g.r...charmander.e.e.e.thallium..o.e.f.k.i.t.f.i.m.s...t..s.n.bush
.w..u.f....t.s.w.....a..r..w..y....f..y..o.butterfree.t.i..l......o.a.r.o.f.v.v.l..a.i..r...n.y.i...u.a.a.o.i.n..dewgong.u..n
.r..m.f..cleveland...i..o...s...k..o..t..n..s..l....l.e.u..y.seaborgium.roosevelt..l.d.boron...benjamin.i.b.u.o.w.r..n...s...
taft..e......v.r....dragonite.seaborgium......mendelevium..p......u.c.a.i.r.l.l....l.g..p.......l.....terbium.r.o..w...f.h...
.t...growlithe.t...c....s...l...b..d..f..h.....v....o.n....u.kangaskhan.n.d.a.astatine..i..gyarados.v.a.y.u...l.o.lincoln..w.
.h....s......l.o..shellder..e.a.u.....f..a.washington.i.f..f........u.d.a.i.n.n....u....u....c.r..a.e.l...millard..l...a...i.
..a..roosevelt.r...r....v...n.lutetium...r.....u..h...u.l..f..t..c....e...u.d.d..samarium..lutetium.n.u.s...i.x.r..l...r...l.
h.s...n........t..roosevelt.i.a.o....c.germanium.neodymium....rutherfordium.....o........f...i.h..a.u.m.c.g.t..holmium.e.w.l.
arthur.poliwhirl.m.m....l.i.u.k.p....k...i......c.o.....o.b...u..l............k.b.....harrison.u..r.s...y.a.h...w..a.e.o.e.i.
y.a....o.i..y..e.c.i.platinum.a.samarium.silver.o.d.b..green..m..o....a.g.buchanan.m...r.a...i.raticate.t.l.i....f.m.tangela.
e.tantalum..d....k.u...r......z....r.n...o.....polonium.i.n..caterpie.l.r.....b.m.magneton...u....u.u...h.l.ulysses..a...z.m.
s.i....o.e..rubidium.b.c.primeape..chlorine.s.c.l.r.l...n.j.f.n..i....u.a.f.truman.g...i.chromium.m.r.rhenium....r.p.p.d.i...
.antimony...o....n...e.a......m....a.e.a...fluorine.l.clefairy.vanadium.v.r...t..i.n.s.c.i......c.....u.r.u..starmie.o.u.navy
f.e..a.i..g.g.coolidge.n.f.k.......n.y.t..g.o.o.d....s....m.a.n..e....i.e.a.coolidge.h.u.u.r....k...v.b...m.d....i.red.b.g...
i..v.g.u..y.e.o..e...d.i.i.i.franklin..i..o.w.l.g....c....i.n.i....franklin.o.p..o.t.e.n.m.a.squirtle.i..r..r..w.u.s...n...y.
lutetium..a.neon.y..franklin..i....n.nickel.p.i.e..franklin.k.tyler...u.e.cloyster.o.l.o...p....n...n.d..h.cadmium.i...i...t.
l..n.k....r...l...h..i.e.l.g.mckinley..a..e.o.d..t...n.o....l.r.......m.r.i.l....i.n.l...l.i....l.coolidge..t..l..hafnium..t.
marowak.franklin..a..l...m.l..h........t..m.k.g..r...d.f.antimony....u....u.i..r.n...d.theodore.e...m.u..n..i..l...n...m...r.
o..n.r....d...d...u.slowpoke..a..cloyster..selenium..i.f....n.g..t.polonium.d.theodore...a.a...cyan.o.madison..i..l......c.i.
r..a.p.nidoking...n....o.r.r..r.......a..........m.m.u.i......e..h...y......g..y..u..rapidash.v...i.t....u..i.hassium..c.l.u.
e..t....r.s...e...theodore....dewgong.n....d..titanium.n...francium..squirtle..h..g........h.venomoth....m.....m..n..william.
........i.........e....d...d.p...o..r.g..j.r.....n.l...g.g.....a.l.i.s.l...i...o..terbium.m...n...b.......j...w...c....i.n..h
........dubnium.b.richard.erbium.l.magenta.andrew..l.....o..c..l.i.v.e.y...n...r..r..u...jackson.bismuth.jackson.johnson.t..a
........i....l..o......o...o.d.i.d..y.l..m.t..i..omastar.l..h..c.ulysses.jackson..ivysaur.d...n...u.a.....c...o...l....t.o..u
..z.u.t.u....y..h..poliwag.w.golduck..arsenic.c.d..r.....d.fermium.s...s.o.o......o..h...william..madison.k.madison.m.johnson
w.abraham.chester.w..i.....z.e.l.c.r.r...s.n..h.o..drowzee..s..u...a...e.holmium......g.m.s.i.t..k..i.....s.a.r..m..a..n....t
o.c.a.o......s..i.o..n..h..e.o.a.k.y.a..j.richard........e..t..mercury.s.n.n..l.i.m...r.e.o.t...jackson..woodrow.a..c.c.....e
o.h.n.r.kingler.u.o..c.herbert.r...pidgeot....r.u..silicon..e......r..g..s....y.o.a.clinton.h....d..o.....n.i.w..n..h.haunter
dratini....o.s..madison.r......d.b.t.o..l..woodrow.t...l..harding....machoke.psyduck..m.a...i.y.magenta.....s...hypno.e.r....
r.r.u.u....l......r..l..buren.j..u.o.n..t......h...a...i......r....w..l..n..s.s.i.h.r.e.p.w.u.t..b.....spearow...t..k.seaking
o.y.m.m.harding.bromine.e....jackson...kennedy.y.persian..koffing.kingler.goldeen.o.h.rhodium.t.iridium.o...n...herbert.n...e
w....g...b.u....o.w.....r..t..c..h...r..o......h...m...t......d..s.l..i...o.o.s.e.k.e...d.l...r..a.e.l..l.......e.....e.i...o
..paras..r.c....h..golbat..h..k......hafnium.gloom.i...o.arsenic.calcium..l.w....kennedy..lithium..w.y.william..r..yttrium..d
..i..l..jackson.r.........johnson..l.y.......a.r..weezing.e...u..y.i..m.kadabra.r...i.....i.h.u....g.s..w.......b.......m...u
k.n..l...h..e..pidgeot...b.r..o.i..y.h...johnson......v..machamp.t.a.....b..r...h..vulpix.a.u.m..t.o.s..abraham.e..w.g....g.d
r.s.william.a.r.u.e.....madison.clinton.m....t..a.staryu..g.....thomas...r.jolteon..m.....m.l...chansey.g.o..n.bromine.george
a.i..u...m..k.h.m.oxygen.r.u....k..d.r..o..wilson.....s...a...r..e...u...a......d........m..i..g.o.g.s....n..d..t..l.r....o..
barium..w...i.y...r.....cadmium.e.johnson..e.y..d....calvin.slowbro..l...h..g...i.l..g..radium.e.m......r.andrew...staryu.v.p
b......calvin.d...grover.c....e.l..n....r..e..barack..u.......n...x..f..carter..ulysses..r..m.ronald....e.l..e.a...o.l....e.i
y...i...r...geodude....a.kabuto.....s.d.o..d.g..e.o.cerium.cobalt.y..u.g.m..o...m.n..o.r.t.m...r.s...k..andrew.radon.d.george
...hoover.....n..w..r..d......w.w..cubone..l.r..w.p.o....a....l...george....r.l...dodrio.iron..g..c..a..g......r............r
....d...e.......wilson.i.dwight.i.g.l.d...cesium..p.b..y.c.zapdos.e.s..o.pidgey...o..g.n.n.n..gengar.k..a..hoover..z.g..g...c
.r.wilson..t.....g..n..u....e.h.l.r.ford.d...m....e.a..e.h......i.n.m..r....e.n.monroe.a...r.h..i.r.cubone.....n.white.weedle
.e..n....warren.thomas.maroon...s.o.u.i..w...e..gerald.l.o.m.bill...i..g.z....d........l.hoover.c.t..n....ditto....n.o..o..y.
mankey.....u.....t..l.......g..hoover.osmium.r..e...t..lapras...v.w.u.gerald.golbat.weedle.e.l..k.e..andrew........carter..n.
.g......thomas......d..kakuna...n.e......g......o......o...r...helium....p....n...h......l...i.george...o.i...g..s...g..gold.
mankey.g...a.........a..n...r.....reagan.h.v...krabby.dwight....r.l....radium....ponyta..indium.l..a.c..n.grover.i.pierce..o.
.n.a..reagan.......ronald.d..........e...truman.g.a........i.m.h..s......o....t...m..a...u.w.m.c...seadra.h...r..l.i...u.h.n.
..abra.o..n....c...o.d..r.w.a.f......o.....l...george.truman.a.o..o....cesium.reagan.u.s.m.i..golbat.r..l.thomas.v.e.g.b.a...
g..u.n.r..d.c.calvin.r..e.i.r.e...lapras.copper...i....h.....carbon....a......u...s..r.o...g...b...l.t..d...d.l.george.oxygen
e..t.d.george..r...a.e.dwight.a...y..g..b..i....w.u.ponyta...h.s.....calvin...m.g..g.o.dwight.gastly.e....o.d.d..r.c.o.n.e.r.
n.monroe..e.r..b.k.l.w.o..h.h.r...n.reagan.x.cesium....d.n.grover....a.v......a.r..e.s.i...t.g.l.h...ronald.i.....george.s.b.
g....e....w.i.ronald...d..tauros..d.....r....u..l..p...o.d...p.a...vulpix.h.monroe.r...u.s..mewtwo......n.d.s..g..r..g.....i.
andrew.s....u..n.k.....r....r.w...o..m..arthur..s.wilson.r..c....k...v.n..a.....v.barium.u...o...m..g.c.dwight.e..i.fearow.u.
r......indium....u..erbium......ponyta..c....i..o..d.e..cerium...r...i....r.andrew.l.n...l.c.reagan.r.a.r.s....obama.....i.m.
.......l.........n.....o.osmium.i....c..k..truman..g.a...w..r...calvin..boron...r..doduo.f.o.g...s.monroe.hoover..e..purple..
....grover...z..martin...n....a.n....h.n...a.m.d..seadra..raichu.b....e...y.d.....j..i..purple..a.j.v.b.w...d..george..h.s...
.......e...z.u..i..y..monroe..r.s..thomas..y...a...y.r..j...u....barack..g..r...staryu...r.p....d.a.e.o..g..d..e.b.....y.o...
....pierce.u.b..s..l.....o...sodium..p.v.g.l.james..martin..mankey..d.a.horsea....m..m.....e.b.magmar.n..r..i.h..a..lyndon...
......e....b.arbok.e.grover...o.r..a...y.r.o...s........m....r......a.n..l..w..james.....curium.m.e.....hayes.a..m.....o.....
....j.v..grant..f..r...l...grant.harry..george..........m....g..h.james..e.....a..s..........r..s.s......n..horsea..grant....
...james.r.t...b..t..g.i...r...y.a.g...t.e..l.......harry.boron.a.a.s..james.james........e..e........white...r.....o.d......
..j.m.e..a....jimmy..r.v...a.tyler.obama.nixon..obama.....l..n..r.m..g.a.....a.e.........xenon....j.p..y..e..hypno..l.adams.j
.james.xenon...l..l.james..n...e.r.n.d.f....o....u..r..zubat....r.e..r.m...james..........v.....obama..p..v.....i...e.m.d...y
..m.s....t...bill.e..n..e..t.harry..taft..james..r..r.....c...hayes.james....e.........james...g..m.r..n.lead...x.james.argon
..e..........u...grant..e............m....o......e..y..polk..........n.s.james.......b.o..e....r..e.arbok.e..gloom......m...x
bush.......b.s........polk.......adams..j.h..buren.....o.............t...o..........bush......james.s.i.........n...james....
..........bush.........................john.........bill...............john..........s.n.......y......l.............o........
...........s............................h..............k.................n........bush.............bill...........john.......
.........john........................john...........................................................................n........
